Using pre-set license

 COMMAND LINE ARGUMENTS:
/Applications/Unity/Hub/Editor/2020.2.0f1/Unity.app/Contents/MacOS/Unity
-adb2
-batchMode
-noUpm
-name
AssetImportWorker0
-projectPath
/Users/isrealulelu/Downloads/Projects/Unity/Lanes 3D
-logFile
Logs/AssetImportWorker0.log
-srvPort
55742
Successfully changed project path to: /Users/isrealulelu/Downloads/Projects/Unity/Lanes 3D
/Users/isrealulelu/Downloads/Projects/Unity/Lanes 3D
Using Asset Import Pipeline V2.
Refreshing native plugins compatible for Editor in 25.34 ms, found 1 plugins.
Preloading 0 native plugins for Editor in 0.00 ms.
Initialize engine version: 2020.2.0f1 (3721df5a8b28)
[Subsystems] Discovering subsystems at path /Applications/Unity/Hub/Editor/2020.2.0f1/Unity.app/Contents/Resources/UnitySubsystems
[Subsystems] Discovering subsystems at path /Users/isrealulelu/Downloads/Projects/Unity/Lanes 3D/Assets
GfxDevice: creating device client; threaded=0
2021-04-07 17:19:48.127 Unity[22477:1144161] Color LCD preferred device: Intel(R) Iris(TM) Plus Graphics 645 (low power)
2021-04-07 17:19:48.127 Unity[22477:1144161] Metal devices available: 1
2021-04-07 17:19:48.127 Unity[22477:1144161] 0: Intel(R) Iris(TM) Plus Graphics 645 (low power)
2021-04-07 17:19:48.127 Unity[22477:1144161] Using device Intel(R) Iris(TM) Plus Graphics 645 (low power)
Initializing Metal device caps: Intel(R) Iris(TM) Plus Graphics 645
Initialize mono
Mono path[0] = '/Applications/Unity/Hub/Editor/2020.2.0f1/Unity.app/Contents/Managed'
Mono path[1] = '/Applications/Unity/Hub/Editor/2020.2.0f1/Unity.app/Contents/MonoBleedingEdge/lib/mono/unityjit'
Mono config path = '/Applications/Unity/Hub/Editor/2020.2.0f1/Unity.app/Contents/MonoBleedingEdge/etc'
Using monoOptions --debugger-agent=transport=dt_socket,embedding=1,server=y,suspend=n,address=127.0.0.1:56477
Begin MonoManager ReloadAssembly
Registering precompiled unity dll's ...
Register platform support module: /Applications/Unity/Hub/Editor/2020.2.0f1/Unity.app/Contents/PlaybackEngines/MacStandaloneSupport/UnityEditor.OSXStandalone.Extensions.dll
Register platform support module: /Applications/Unity/Hub/Editor/2020.2.0f1/PlaybackEngines/WindowsStandaloneSupport/UnityEditor.WindowsStandalone.Extensions.dll
Registered in 0.000629 seconds.
Native extension for WindowsStandalone target not found
Native extension for OSXStandalone target not found
Refreshing native plugins compatible for Editor in 22.64 ms, found 1 plugins.
Preloading 0 native plugins for Editor in 0.00 ms.
Invoked RoslynAnalysisRunner static constructor.
RoslynAnalysisRunner will not be running.
RoslynAnalysisRunner has terminated.
Mono: successfully reloaded assembly
- Completed reload, in  2.773 seconds
Platform modules already initialized, skipping
Registering precompiled user dll's ...
Registered in 0.000387 seconds.
Begin MonoManager ReloadAssembly
Native extension for WindowsStandalone target not found
Native extension for OSXStandalone target not found
Refreshing native plugins compatible for Editor in 0.24 ms, found 1 plugins.
Preloading 0 native plugins for Editor in 0.00 ms.
Invoked RoslynAnalysisRunner static constructor.
RoslynAnalysisRunner will not be running.
RoslynAnalysisRunner has terminated.
Mono: successfully reloaded assembly
- Completed reload, in  1.025 seconds
Platform modules already initialized, skipping
========================================================================
Worker process is ready to serve import requests
Launching external process: /Applications/Unity/Hub/Editor/2020.2.0f1/Unity.app/Contents/Tools/UnityShaderCompiler
Launched and connected shader compiler UnityShaderCompiler after 0.02 seconds
Refreshing native plugins compatible for Editor in 0.24 ms, found 1 plugins.
Preloading 0 native plugins for Editor in 0.00 ms.
Unloading 1098 Unused Serialized files (Serialized files now loaded: 0)
System memory in use before: 112.8 MB.
System memory in use after: 112.8 MB.

Unloading 10 unused Assets to reduce memory usage. Loaded Objects now: 1540.
Total: 2.581536 ms (FindLiveObjects: 0.248510 ms CreateObjectMapping: 0.121129 ms MarkObjects: 2.129073 ms  DeleteObjects: 0.081087 ms)

========================================================================
Received Import Request.
  path: Assets/Scenes/Getting Started.unity
  artifactKey: Guid(6a826e702ded545f3b68366431d4c62f) Importer(815301076,1909f56bfc062723c751e8b465ee728b)
Start importing Assets/Scenes/Getting Started.unity using Guid(6a826e702ded545f3b68366431d4c62f) Importer(815301076,1909f56bfc062723c751e8b465ee728b)  -> (artifact id: '33aa6facfc76f8bd1a4045d6e35968ba') in 0.020917 seconds
  Import took 0.025079 seconds .

========================================================================
Received Prepare
Refreshing native plugins compatible for Editor in 1.18 ms, found 1 plugins.
Preloading 0 native plugins for Editor in 0.00 ms.
Unloading 3 Unused Serialized files (Serialized files now loaded: 0)
System memory in use before: 91.4 MB.
System memory in use after: 91.5 MB.

Unloading 3 unused Assets to reduce memory usage. Loaded Objects now: 1540.
Total: 2.427737 ms (FindLiveObjects: 0.172788 ms CreateObjectMapping: 0.045560 ms MarkObjects: 2.155497 ms  DeleteObjects: 0.052451 ms)

AssetImportWorkerClient::OnTransportError - code=2 error=End of file
