Using pre-set license

 COMMAND LINE ARGUMENTS:
/Applications/Unity/Hub/Editor/2020.2.0f1/Unity.app/Contents/MacOS/Unity
-adb2
-batchMode
-noUpm
-name
AssetImportWorker0
-projectPath
/Users/isrealulelu/Downloads/Projects/Unity/Lanes 3D
-logFile
Logs/AssetImportWorker0.log
-srvPort
62020
Successfully changed project path to: /Users/isrealulelu/Downloads/Projects/Unity/Lanes 3D
/Users/isrealulelu/Downloads/Projects/Unity/Lanes 3D
Using Asset Import Pipeline V2.
Refreshing native plugins compatible for Editor in 25.17 ms, found 1 plugins.
Preloading 0 native plugins for Editor in 0.00 ms.
Initialize engine version: 2020.2.0f1 (3721df5a8b28)
[Subsystems] Discovering subsystems at path /Applications/Unity/Hub/Editor/2020.2.0f1/Unity.app/Contents/Resources/UnitySubsystems
[Subsystems] Discovering subsystems at path /Users/isrealulelu/Downloads/Projects/Unity/Lanes 3D/Assets
GfxDevice: creating device client; threaded=0
2021-03-30 21:19:52.368 Unity[6396:446632] Color LCD preferred device: Intel(R) Iris(TM) Plus Graphics 645 (low power)
2021-03-30 21:19:52.368 Unity[6396:446632] Metal devices available: 1
2021-03-30 21:19:52.368 Unity[6396:446632] 0: Intel(R) Iris(TM) Plus Graphics 645 (low power)
2021-03-30 21:19:52.371 Unity[6396:446632] Using device Intel(R) Iris(TM) Plus Graphics 645 (low power)
Initializing Metal device caps: Intel(R) Iris(TM) Plus Graphics 645
Initialize mono
Mono path[0] = '/Applications/Unity/Hub/Editor/2020.2.0f1/Unity.app/Contents/Managed'
Mono path[1] = '/Applications/Unity/Hub/Editor/2020.2.0f1/Unity.app/Contents/MonoBleedingEdge/lib/mono/unityjit'
Mono config path = '/Applications/Unity/Hub/Editor/2020.2.0f1/Unity.app/Contents/MonoBleedingEdge/etc'
Using monoOptions --debugger-agent=transport=dt_socket,embedding=1,server=y,suspend=n,address=127.0.0.1:56396
Begin MonoManager ReloadAssembly
Registering precompiled unity dll's ...
Register platform support module: /Applications/Unity/Hub/Editor/2020.2.0f1/Unity.app/Contents/PlaybackEngines/MacStandaloneSupport/UnityEditor.OSXStandalone.Extensions.dll
Register platform support module: /Applications/Unity/Hub/Editor/2020.2.0f1/PlaybackEngines/WindowsStandaloneSupport/UnityEditor.WindowsStandalone.Extensions.dll
Registered in 0.003199 seconds.
Native extension for WindowsStandalone target not found
Native extension for OSXStandalone target not found
Refreshing native plugins compatible for Editor in 32.99 ms, found 1 plugins.
Preloading 0 native plugins for Editor in 0.00 ms.
Invoked RoslynAnalysisRunner static constructor.
RoslynAnalysisRunner will not be running.
RoslynAnalysisRunner has terminated.
Mono: successfully reloaded assembly
- Completed reload, in  6.111 seconds
Platform modules already initialized, skipping
Registering precompiled user dll's ...
Registered in 0.001923 seconds.
Begin MonoManager ReloadAssembly
Native extension for WindowsStandalone target not found
Native extension for OSXStandalone target not found
Refreshing native plugins compatible for Editor in 0.23 ms, found 1 plugins.
Preloading 0 native plugins for Editor in 0.00 ms.
Invoked RoslynAnalysisRunner static constructor.
RoslynAnalysisRunner will not be running.
RoslynAnalysisRunner has terminated.
Mono: successfully reloaded assembly
- Completed reload, in  1.021 seconds
Platform modules already initialized, skipping
========================================================================
Worker process is ready to serve import requests
Launching external process: /Applications/Unity/Hub/Editor/2020.2.0f1/Unity.app/Contents/Tools/UnityShaderCompiler
Launched and connected shader compiler UnityShaderCompiler after 0.03 seconds
Refreshing native plugins compatible for Editor in 0.23 ms, found 1 plugins.
Preloading 0 native plugins for Editor in 0.00 ms.
Unloading 1098 Unused Serialized files (Serialized files now loaded: 0)
System memory in use before: 112.6 MB.
System memory in use after: 112.6 MB.

Unloading 10 unused Assets to reduce memory usage. Loaded Objects now: 1540.
Total: 2.183358 ms (FindLiveObjects: 0.171666 ms CreateObjectMapping: 0.037059 ms MarkObjects: 1.887690 ms  DeleteObjects: 0.085754 ms)

========================================================================
Received Import Request.
  path: Assets/Materials/Glassmorphic.mat
  artifactKey: Guid(2e4f9145c5699427a84495fff96485c1) Importer(815301076,1909f56bfc062723c751e8b465ee728b)
Start importing Assets/Materials/Glassmorphic.mat using Guid(2e4f9145c5699427a84495fff96485c1) Importer(815301076,1909f56bfc062723c751e8b465ee728b)  -> (artifact id: '7ca799f33fac5754772e580fc1c1e8ca') in 0.552728 seconds
  Import took 0.556280 seconds .

========================================================================
Received Import Request.
  Time since last request: 349.196670 seconds.
  path: Assets/LevelBreaks.unity
  artifactKey: Guid(9ec316ef543ad478d9f1c8006a1af45e) Importer(815301076,1909f56bfc062723c751e8b465ee728b)
Start importing Assets/LevelBreaks.unity using Guid(9ec316ef543ad478d9f1c8006a1af45e) Importer(815301076,1909f56bfc062723c751e8b465ee728b)  -> (artifact id: 'b0994991408e1cbbe586af4771b3c062') in 0.003769 seconds
  Import took 0.009326 seconds .

========================================================================
Received Prepare
Registering precompiled user dll's ...
Registered in 0.002186 seconds.
Begin MonoManager ReloadAssembly
Native extension for WindowsStandalone target not found
Native extension for OSXStandalone target not found
Refreshing native plugins compatible for Editor in 0.40 ms, found 1 plugins.
Preloading 0 native plugins for Editor in 0.00 ms.
Invoked RoslynAnalysisRunner static constructor.
RoslynAnalysisRunner will not be running.
RoslynAnalysisRunner has terminated.
Mono: successfully reloaded assembly
- Completed reload, in  1.491 seconds
Platform modules already initialized, skipping
Refreshing native plugins compatible for Editor in 0.23 ms, found 1 plugins.
Preloading 0 native plugins for Editor in 0.00 ms.
Unloading 1093 Unused Serialized files (Serialized files now loaded: 0)
System memory in use before: 121.2 MB.
System memory in use after: 121.3 MB.

Unloading 5 unused Assets to reduce memory usage. Loaded Objects now: 1582.
Total: 12.313774 ms (FindLiveObjects: 1.156250 ms CreateObjectMapping: 0.108822 ms MarkObjects: 10.504812 ms  DeleteObjects: 0.536228 ms)

========================================================================
Received Prepare
Registering precompiled user dll's ...
Registered in 0.001735 seconds.
Begin MonoManager ReloadAssembly
Native extension for WindowsStandalone target not found
Native extension for OSXStandalone target not found
Refreshing native plugins compatible for Editor in 0.23 ms, found 1 plugins.
Preloading 0 native plugins for Editor in 0.00 ms.
Invoked RoslynAnalysisRunner static constructor.
RoslynAnalysisRunner will not be running.
RoslynAnalysisRunner has terminated.
Mono: successfully reloaded assembly
- Completed reload, in  0.945 seconds
Platform modules already initialized, skipping
Refreshing native plugins compatible for Editor in 0.29 ms, found 1 plugins.
Preloading 0 native plugins for Editor in 0.00 ms.
Unloading 1093 Unused Serialized files (Serialized files now loaded: 0)
System memory in use before: 121.8 MB.
System memory in use after: 121.8 MB.

Unloading 5 unused Assets to reduce memory usage. Loaded Objects now: 1584.
Total: 2.500957 ms (FindLiveObjects: 0.248030 ms CreateObjectMapping: 0.065548 ms MarkObjects: 2.117486 ms  DeleteObjects: 0.067200 ms)

========================================================================
Received Import Request.
  Time since last request: 1876.107108 seconds.
  path: Assets/Scenes/Getting Started.unity
  artifactKey: Guid(6a826e702ded545f3b68366431d4c62f) Importer(815301076,1909f56bfc062723c751e8b465ee728b)
Start importing Assets/Scenes/Getting Started.unity using Guid(6a826e702ded545f3b68366431d4c62f) Importer(815301076,1909f56bfc062723c751e8b465ee728b)  -> (artifact id: '61591e3b56eac6e27981bd55b36bd212') in 0.027693 seconds
  Import took 0.032486 seconds .

========================================================================
Received Import Request.
  Time since last request: 83.530238 seconds.
  path: Assets/Materials/Glassmorphic.mat
  artifactKey: Guid(2e4f9145c5699427a84495fff96485c1) Importer(815301076,1909f56bfc062723c751e8b465ee728b)
Start importing Assets/Materials/Glassmorphic.mat using Guid(2e4f9145c5699427a84495fff96485c1) Importer(815301076,1909f56bfc062723c751e8b465ee728b)  -> (artifact id: 'c90acf2f287db3e82df46a00025d6d29') in 0.172898 seconds
  Import took 0.177301 seconds .

========================================================================
Received Prepare
Registering precompiled user dll's ...
Registered in 0.001961 seconds.
Begin MonoManager ReloadAssembly
Native extension for WindowsStandalone target not found
Native extension for OSXStandalone target not found
Refreshing native plugins compatible for Editor in 0.25 ms, found 1 plugins.
Preloading 0 native plugins for Editor in 0.00 ms.
Invoked RoslynAnalysisRunner static constructor.
RoslynAnalysisRunner will not be running.
RoslynAnalysisRunner has terminated.
Mono: successfully reloaded assembly
- Completed reload, in  0.968 seconds
Platform modules already initialized, skipping
Refreshing native plugins compatible for Editor in 0.33 ms, found 1 plugins.
Preloading 0 native plugins for Editor in 0.00 ms.
Unloading 1093 Unused Serialized files (Serialized files now loaded: 0)
System memory in use before: 122.0 MB.
System memory in use after: 122.0 MB.

Unloading 5 unused Assets to reduce memory usage. Loaded Objects now: 1587.
Total: 2.509954 ms (FindLiveObjects: 0.288980 ms CreateObjectMapping: 0.059529 ms MarkObjects: 2.093579 ms  DeleteObjects: 0.066067 ms)

========================================================================
Received Import Request.
  Time since last request: 73.331562 seconds.
  path: Assets/Scenes/Level 1.unity
  artifactKey: Guid(59a9286821be9461096f7104c9896c99) Importer(815301076,1909f56bfc062723c751e8b465ee728b)
Start importing Assets/Scenes/Level 1.unity using Guid(59a9286821be9461096f7104c9896c99) Importer(815301076,1909f56bfc062723c751e8b465ee728b)  -> (artifact id: '33cda6ab1b40f6aa53b9c448697e9384') in 0.021715 seconds
  Import took 0.027166 seconds .

========================================================================
Received Prepare
Registering precompiled user dll's ...
Registered in 0.001290 seconds.
Begin MonoManager ReloadAssembly
Native extension for WindowsStandalone target not found
Native extension for OSXStandalone target not found
Refreshing native plugins compatible for Editor in 0.27 ms, found 1 plugins.
Preloading 0 native plugins for Editor in 0.00 ms.
Invoked RoslynAnalysisRunner static constructor.
RoslynAnalysisRunner will not be running.
RoslynAnalysisRunner has terminated.
Mono: successfully reloaded assembly
- Completed reload, in  1.035 seconds
Platform modules already initialized, skipping
Refreshing native plugins compatible for Editor in 0.32 ms, found 1 plugins.
Preloading 0 native plugins for Editor in 0.00 ms.
Unloading 1093 Unused Serialized files (Serialized files now loaded: 0)
System memory in use before: 122.7 MB.
System memory in use after: 122.8 MB.

Unloading 5 unused Assets to reduce memory usage. Loaded Objects now: 1589.
Total: 2.163142 ms (FindLiveObjects: 0.239635 ms CreateObjectMapping: 0.054858 ms MarkObjects: 1.809261 ms  DeleteObjects: 0.057860 ms)

========================================================================
Received Prepare
Registering precompiled user dll's ...
Registered in 0.001079 seconds.
Begin MonoManager ReloadAssembly
Native extension for WindowsStandalone target not found
Native extension for OSXStandalone target not found
Refreshing native plugins compatible for Editor in 0.24 ms, found 1 plugins.
Preloading 0 native plugins for Editor in 0.00 ms.
Invoked RoslynAnalysisRunner static constructor.
RoslynAnalysisRunner will not be running.
RoslynAnalysisRunner has terminated.
Mono: successfully reloaded assembly
- Completed reload, in  0.979 seconds
Platform modules already initialized, skipping
Refreshing native plugins compatible for Editor in 0.32 ms, found 1 plugins.
Preloading 0 native plugins for Editor in 0.00 ms.
Unloading 1093 Unused Serialized files (Serialized files now loaded: 0)
System memory in use before: 123.2 MB.
System memory in use after: 123.3 MB.

Unloading 5 unused Assets to reduce memory usage. Loaded Objects now: 1591.
Total: 2.932392 ms (FindLiveObjects: 0.450194 ms CreateObjectMapping: 0.070306 ms MarkObjects: 2.310831 ms  DeleteObjects: 0.098037 ms)

